2025-11-28 22:20:35 [INFO    ] bot_trend_following - [trend_following] 🤖 TREND_FOLLOWING Bot initialized
2025-11-28 22:20:35 [INFO    ] bot_trend_following - [trend_following] 📊 Timeframes: ['M5']
2025-11-28 22:20:35 [INFO    ] bot_trend_following - [trend_following] 💰 ML Threshold: 0.65
2025-11-28 22:20:35 [INFO    ] bot_trend_following - [trend_following] ======================================================================
2025-11-28 22:20:35 [INFO    ] bot_trend_following - [trend_following] 🚀 TREND_FOLLOWING BOT STARTING
2025-11-28 22:20:35 [INFO    ] bot_trend_following - [trend_following] ======================================================================
2025-11-28 22:20:35 [INFO    ] bot_trend_following - [trend_following] ✅ Account: DEMO - Balance: $-1.00
2025-11-28 22:20:35 [ERROR   ] bot_trend_following - [trend_following] ⚠️ Error getting H1 trend for EURUSD_otc: 'H1'
2025-11-28 22:20:35 [ERROR   ] bot_trend_following - [trend_following] ⚠️ Error getting H1 trend for GBPUSD_otc: 'H1'
2025-11-28 22:20:35 [ERROR   ] bot_trend_following - [trend_following] ⚠️ Error getting H1 trend for USDJPY_otc: 'H1'
2025-11-28 22:20:35 [ERROR   ] bot_trend_following - [trend_following] ⚠️ Error getting H1 trend for AUDUSD_otc: 'H1'
2025-11-28 22:20:35 [ERROR   ] bot_trend_following - [trend_following] ⚠️ Error getting H1 trend for USDCAD_otc: 'H1'
2025-11-28 22:20:35 [ERROR   ] bot_trend_following - [trend_following] ⚠️ Error getting H1 trend for AUDCAD_otc: 'H1'
2025-11-28 22:20:35 [ERROR   ] bot_trend_following - [trend_following] ⚠️ Error getting H1 trend for USDMXN_otc: 'H1'
2025-11-28 22:20:35 [ERROR   ] bot_trend_following - [trend_following] ⚠️ Error getting H1 trend for USDCOP_otc: 'H1'
2025-11-28 22:20:35 [ERROR   ] bot_trend_following - [trend_following] ⚠️ Error getting H1 trend for USDARS_otc: 'H1'
2025-11-28 22:20:35 [ERROR   ] bot_trend_following - [trend_following] ⚠️ Error getting H1 trend for #INTC_otc: 'H1'
2025-11-28 22:21:05 [ERROR   ] bot_trend_following - [trend_following] ⚠️ Error getting H1 trend for EURUSD_otc: 'H1'
2025-11-28 22:21:05 [ERROR   ] bot_trend_following - [trend_following] ⚠️ Error getting H1 trend for GBPUSD_otc: 'H1'
2025-11-28 22:21:05 [ERROR   ] bot_trend_following - [trend_following] ⚠️ Error getting H1 trend for USDJPY_otc: 'H1'
2025-11-28 22:21:05 [ERROR   ] bot_trend_following - [trend_following] ⚠️ Error getting H1 trend for AUDUSD_otc: 'H1'
2025-11-28 22:21:05 [ERROR   ] bot_trend_following - [trend_following] ⚠️ Error getting H1 trend for USDCAD_otc: 'H1'
2025-11-28 22:21:05 [ERROR   ] bot_trend_following - [trend_following] ⚠️ Error getting H1 trend for AUDCAD_otc: 'H1'
2025-11-28 22:21:05 [ERROR   ] bot_trend_following - [trend_following] ⚠️ Error getting H1 trend for USDMXN_otc: 'H1'
2025-11-28 22:21:05 [ERROR   ] bot_trend_following - [trend_following] ⚠️ Error getting H1 trend for USDCOP_otc: 'H1'
2025-11-28 22:21:05 [ERROR   ] bot_trend_following - [trend_following] ⚠️ Error getting H1 trend for USDARS_otc: 'H1'
2025-11-28 22:21:05 [ERROR   ] bot_trend_following - [trend_following] ⚠️ Error getting H1 trend for #INTC_otc: 'H1'
2025-11-28 22:21:35 [ERROR   ] bot_trend_following - [trend_following] ⚠️ Error getting H1 trend for EURUSD_otc: 'H1'
2025-11-28 22:21:35 [ERROR   ] bot_trend_following - [trend_following] ⚠️ Error getting H1 trend for GBPUSD_otc: 'H1'
2025-11-28 22:21:35 [ERROR   ] bot_trend_following - [trend_following] ⚠️ Error getting H1 trend for USDJPY_otc: 'H1'
2025-11-28 22:21:35 [ERROR   ] bot_trend_following - [trend_following] ⚠️ Error getting H1 trend for AUDUSD_otc: 'H1'
2025-11-28 22:21:35 [ERROR   ] bot_trend_following - [trend_following] ⚠️ Error getting H1 trend for USDCAD_otc: 'H1'
2025-11-28 22:21:35 [ERROR   ] bot_trend_following - [trend_following] ⚠️ Error getting H1 trend for AUDCAD_otc: 'H1'
2025-11-28 22:21:35 [ERROR   ] bot_trend_following - [trend_following] ⚠️ Error getting H1 trend for USDMXN_otc: 'H1'
2025-11-28 22:21:35 [ERROR   ] bot_trend_following - [trend_following] ⚠️ Error getting H1 trend for USDCOP_otc: 'H1'
2025-11-28 22:21:35 [ERROR   ] bot_trend_following - [trend_following] ⚠️ Error getting H1 trend for USDARS_otc: 'H1'
2025-11-28 22:21:35 [ERROR   ] bot_trend_following - [trend_following] ⚠️ Error getting H1 trend for #INTC_otc: 'H1'
2025-11-28 22:22:05 [ERROR   ] bot_trend_following - [trend_following] ⚠️ Error getting H1 trend for EURUSD_otc: 'H1'
2025-11-28 22:22:05 [ERROR   ] bot_trend_following - [trend_following] ⚠️ Error getting H1 trend for GBPUSD_otc: 'H1'
2025-11-28 22:22:05 [ERROR   ] bot_trend_following - [trend_following] ⚠️ Error getting H1 trend for USDJPY_otc: 'H1'
2025-11-28 22:22:05 [ERROR   ] bot_trend_following - [trend_following] ⚠️ Error getting H1 trend for AUDUSD_otc: 'H1'
2025-11-28 22:22:05 [ERROR   ] bot_trend_following - [trend_following] ⚠️ Error getting H1 trend for USDCAD_otc: 'H1'
2025-11-28 22:22:05 [ERROR   ] bot_trend_following - [trend_following] ⚠️ Error getting H1 trend for AUDCAD_otc: 'H1'
2025-11-28 22:22:05 [ERROR   ] bot_trend_following - [trend_following] ⚠️ Error getting H1 trend for USDMXN_otc: 'H1'
2025-11-28 22:22:05 [ERROR   ] bot_trend_following - [trend_following] ⚠️ Error getting H1 trend for USDCOP_otc: 'H1'
2025-11-28 22:22:05 [ERROR   ] bot_trend_following - [trend_following] ⚠️ Error getting H1 trend for USDARS_otc: 'H1'
2025-11-28 22:22:05 [ERROR   ] bot_trend_following - [trend_following] ⚠️ Error getting H1 trend for #INTC_otc: 'H1'
2025-11-28 22:22:35 [ERROR   ] bot_trend_following - [trend_following] ⚠️ Error getting H1 trend for EURUSD_otc: 'H1'
2025-11-28 22:22:35 [ERROR   ] bot_trend_following - [trend_following] ⚠️ Error getting H1 trend for GBPUSD_otc: 'H1'
2025-11-28 22:22:35 [ERROR   ] bot_trend_following - [trend_following] ⚠️ Error getting H1 trend for USDJPY_otc: 'H1'
2025-11-28 22:22:35 [ERROR   ] bot_trend_following - [trend_following] ⚠️ Error getting H1 trend for AUDUSD_otc: 'H1'
2025-11-28 22:22:35 [ERROR   ] bot_trend_following - [trend_following] ⚠️ Error getting H1 trend for USDCAD_otc: 'H1'
2025-11-28 22:22:35 [ERROR   ] bot_trend_following - [trend_following] ⚠️ Error getting H1 trend for AUDCAD_otc: 'H1'
2025-11-28 22:22:35 [ERROR   ] bot_trend_following - [trend_following] ⚠️ Error getting H1 trend for USDMXN_otc: 'H1'
2025-11-28 22:22:35 [ERROR   ] bot_trend_following - [trend_following] ⚠️ Error getting H1 trend for USDCOP_otc: 'H1'
2025-11-28 22:22:35 [ERROR   ] bot_trend_following - [trend_following] ⚠️ Error getting H1 trend for USDARS_otc: 'H1'
2025-11-28 22:22:35 [ERROR   ] bot_trend_following - [trend_following] ⚠️ Error getting H1 trend for #INTC_otc: 'H1'
2025-11-28 22:23:05 [ERROR   ] bot_trend_following - [trend_following] ⚠️ Error getting H1 trend for EURUSD_otc: 'H1'
2025-11-28 22:23:05 [ERROR   ] bot_trend_following - [trend_following] ⚠️ Error getting H1 trend for GBPUSD_otc: 'H1'
2025-11-28 22:23:05 [ERROR   ] bot_trend_following - [trend_following] ⚠️ Error getting H1 trend for USDJPY_otc: 'H1'
2025-11-28 22:23:05 [ERROR   ] bot_trend_following - [trend_following] ⚠️ Error getting H1 trend for AUDUSD_otc: 'H1'
2025-11-28 22:23:05 [ERROR   ] bot_trend_following - [trend_following] ⚠️ Error getting H1 trend for USDCAD_otc: 'H1'
2025-11-28 22:23:05 [ERROR   ] bot_trend_following - [trend_following] ⚠️ Error getting H1 trend for AUDCAD_otc: 'H1'
2025-11-28 22:23:05 [ERROR   ] bot_trend_following - [trend_following] ⚠️ Error getting H1 trend for USDMXN_otc: 'H1'
2025-11-28 22:23:05 [ERROR   ] bot_trend_following - [trend_following] ⚠️ Error getting H1 trend for USDCOP_otc: 'H1'
2025-11-28 22:23:05 [ERROR   ] bot_trend_following - [trend_following] ⚠️ Error getting H1 trend for USDARS_otc: 'H1'
2025-11-28 22:23:05 [ERROR   ] bot_trend_following - [trend_following] ⚠️ Error getting H1 trend for #INTC_otc: 'H1'
2025-11-28 22:23:35 [ERROR   ] bot_trend_following - [trend_following] ⚠️ Error getting H1 trend for EURUSD_otc: 'H1'
2025-11-28 22:23:35 [ERROR   ] bot_trend_following - [trend_following] ⚠️ Error getting H1 trend for GBPUSD_otc: 'H1'
2025-11-28 22:23:35 [ERROR   ] bot_trend_following - [trend_following] ⚠️ Error getting H1 trend for USDJPY_otc: 'H1'
2025-11-28 22:23:35 [ERROR   ] bot_trend_following - [trend_following] ⚠️ Error getting H1 trend for AUDUSD_otc: 'H1'
2025-11-28 22:23:35 [ERROR   ] bot_trend_following - [trend_following] ⚠️ Error getting H1 trend for USDCAD_otc: 'H1'
2025-11-28 22:23:35 [ERROR   ] bot_trend_following - [trend_following] ⚠️ Error getting H1 trend for AUDCAD_otc: 'H1'
2025-11-28 22:23:35 [ERROR   ] bot_trend_following - [trend_following] ⚠️ Error getting H1 trend for USDMXN_otc: 'H1'
2025-11-28 22:23:35 [ERROR   ] bot_trend_following - [trend_following] ⚠️ Error getting H1 trend for USDCOP_otc: 'H1'
2025-11-28 22:23:35 [ERROR   ] bot_trend_following - [trend_following] ⚠️ Error getting H1 trend for USDARS_otc: 'H1'
2025-11-28 22:23:35 [ERROR   ] bot_trend_following - [trend_following] ⚠️ Error getting H1 trend for #INTC_otc: 'H1'
2025-11-28 22:24:05 [ERROR   ] bot_trend_following - [trend_following] ⚠️ Error getting H1 trend for EURUSD_otc: 'H1'
2025-11-28 22:24:05 [ERROR   ] bot_trend_following - [trend_following] ⚠️ Error getting H1 trend for GBPUSD_otc: 'H1'
2025-11-28 22:24:05 [ERROR   ] bot_trend_following - [trend_following] ⚠️ Error getting H1 trend for USDJPY_otc: 'H1'
2025-11-28 22:24:05 [ERROR   ] bot_trend_following - [trend_following] ⚠️ Error getting H1 trend for AUDUSD_otc: 'H1'
2025-11-28 22:24:05 [ERROR   ] bot_trend_following - [trend_following] ⚠️ Error getting H1 trend for USDCAD_otc: 'H1'
2025-11-28 22:24:05 [ERROR   ] bot_trend_following - [trend_following] ⚠️ Error getting H1 trend for AUDCAD_otc: 'H1'
2025-11-28 22:24:05 [ERROR   ] bot_trend_following - [trend_following] ⚠️ Error getting H1 trend for USDMXN_otc: 'H1'
2025-11-28 22:24:05 [ERROR   ] bot_trend_following - [trend_following] ⚠️ Error getting H1 trend for USDCOP_otc: 'H1'
2025-11-28 22:24:05 [ERROR   ] bot_trend_following - [trend_following] ⚠️ Error getting H1 trend for USDARS_otc: 'H1'
2025-11-28 22:24:05 [ERROR   ] bot_trend_following - [trend_following] ⚠️ Error getting H1 trend for #INTC_otc: 'H1'
2025-11-28 22:24:35 [ERROR   ] bot_trend_following - [trend_following] ⚠️ Error getting H1 trend for EURUSD_otc: 'H1'
2025-11-28 22:24:35 [ERROR   ] bot_trend_following - [trend_following] ⚠️ Error getting H1 trend for GBPUSD_otc: 'H1'
2025-11-28 22:24:35 [ERROR   ] bot_trend_following - [trend_following] ⚠️ Error getting H1 trend for USDJPY_otc: 'H1'
2025-11-28 22:24:35 [ERROR   ] bot_trend_following - [trend_following] ⚠️ Error getting H1 trend for AUDUSD_otc: 'H1'
2025-11-28 22:24:35 [ERROR   ] bot_trend_following - [trend_following] ⚠️ Error getting H1 trend for USDCAD_otc: 'H1'
2025-11-28 22:24:35 [ERROR   ] bot_trend_following - [trend_following] ⚠️ Error getting H1 trend for AUDCAD_otc: 'H1'
2025-11-28 22:24:35 [ERROR   ] bot_trend_following - [trend_following] ⚠️ Error getting H1 trend for USDMXN_otc: 'H1'
2025-11-28 22:24:35 [ERROR   ] bot_trend_following - [trend_following] ⚠️ Error getting H1 trend for USDCOP_otc: 'H1'
2025-11-28 22:24:35 [ERROR   ] bot_trend_following - [trend_following] ⚠️ Error getting H1 trend for USDARS_otc: 'H1'
2025-11-28 22:24:35 [ERROR   ] bot_trend_following - [trend_following] ⚠️ Error getting H1 trend for #INTC_otc: 'H1'
2025-11-28 22:25:05 [ERROR   ] bot_trend_following - [trend_following] ⚠️ Error getting H1 trend for EURUSD_otc: 'H1'
2025-11-28 22:25:05 [ERROR   ] bot_trend_following - [trend_following] ⚠️ Error getting H1 trend for GBPUSD_otc: 'H1'
2025-11-28 22:25:05 [ERROR   ] bot_trend_following - [trend_following] ⚠️ Error getting H1 trend for USDJPY_otc: 'H1'
2025-11-28 22:25:05 [ERROR   ] bot_trend_following - [trend_following] ⚠️ Error getting H1 trend for AUDUSD_otc: 'H1'
2025-11-28 22:25:05 [ERROR   ] bot_trend_following - [trend_following] ⚠️ Error getting H1 trend for USDCAD_otc: 'H1'
2025-11-28 22:25:05 [ERROR   ] bot_trend_following - [trend_following] ⚠️ Error getting H1 trend for AUDCAD_otc: 'H1'
2025-11-28 22:25:05 [ERROR   ] bot_trend_following - [trend_following] ⚠️ Error getting H1 trend for USDMXN_otc: 'H1'
2025-11-28 22:25:05 [ERROR   ] bot_trend_following - [trend_following] ⚠️ Error getting H1 trend for USDCOP_otc: 'H1'
2025-11-28 22:25:05 [ERROR   ] bot_trend_following - [trend_following] ⚠️ Error getting H1 trend for USDARS_otc: 'H1'
2025-11-28 22:25:05 [ERROR   ] bot_trend_following - [trend_following] ⚠️ Error getting H1 trend for #INTC_otc: 'H1'
2025-11-28 22:25:35 [INFO    ] bot_trend_following - [trend_following] 🤖 TREND_FOLLOWING Bot initialized
2025-11-28 22:25:35 [INFO    ] bot_trend_following - [trend_following] 📊 Timeframes: ['M5']
2025-11-28 22:25:35 [INFO    ] bot_trend_following - [trend_following] 💰 ML Threshold: 0.65
2025-11-28 22:25:35 [INFO    ] bot_trend_following - [trend_following] ======================================================================
2025-11-28 22:25:35 [INFO    ] bot_trend_following - [trend_following] 🚀 TREND_FOLLOWING BOT STARTING
2025-11-28 22:25:35 [INFO    ] bot_trend_following - [trend_following] ======================================================================
2025-11-28 22:25:35 [INFO    ] bot_trend_following - [trend_following] ✅ Account: DEMO - Balance: $-1.00
2025-11-28 22:25:35 [ERROR   ] bot_trend_following - [trend_following] ⚠️ Error getting H1 trend for EURUSD_otc: 'H1'
2025-11-28 22:25:35 [ERROR   ] bot_trend_following - [trend_following] ⚠️ Error getting H1 trend for GBPUSD_otc: 'H1'
2025-11-28 22:25:35 [ERROR   ] bot_trend_following - [trend_following] ⚠️ Error getting H1 trend for USDJPY_otc: 'H1'
2025-11-28 22:25:35 [ERROR   ] bot_trend_following - [trend_following] ⚠️ Error getting H1 trend for AUDUSD_otc: 'H1'
2025-11-28 22:25:35 [ERROR   ] bot_trend_following - [trend_following] ⚠️ Error getting H1 trend for USDCAD_otc: 'H1'
2025-11-28 22:25:35 [ERROR   ] bot_trend_following - [trend_following] ⚠️ Error getting H1 trend for AUDCAD_otc: 'H1'
2025-11-28 22:25:35 [ERROR   ] bot_trend_following - [trend_following] ⚠️ Error getting H1 trend for USDMXN_otc: 'H1'
2025-11-28 22:25:35 [ERROR   ] bot_trend_following - [trend_following] ⚠️ Error getting H1 trend for USDCOP_otc: 'H1'
2025-11-28 22:25:35 [ERROR   ] bot_trend_following - [trend_following] ⚠️ Error getting H1 trend for USDARS_otc: 'H1'
2025-11-28 22:25:35 [ERROR   ] bot_trend_following - [trend_following] ⚠️ Error getting H1 trend for #INTC_otc: 'H1'
2025-11-28 22:26:05 [ERROR   ] bot_trend_following - [trend_following] ⚠️ Error getting H1 trend for EURUSD_otc: 'H1'
2025-11-28 22:26:05 [ERROR   ] bot_trend_following - [trend_following] ⚠️ Error getting H1 trend for GBPUSD_otc: 'H1'
2025-11-28 22:26:05 [ERROR   ] bot_trend_following - [trend_following] ⚠️ Error getting H1 trend for USDJPY_otc: 'H1'
2025-11-28 22:26:05 [ERROR   ] bot_trend_following - [trend_following] ⚠️ Error getting H1 trend for AUDUSD_otc: 'H1'
2025-11-28 22:26:05 [ERROR   ] bot_trend_following - [trend_following] ⚠️ Error getting H1 trend for USDCAD_otc: 'H1'
2025-11-28 22:26:05 [ERROR   ] bot_trend_following - [trend_following] ⚠️ Error getting H1 trend for AUDCAD_otc: 'H1'
2025-11-28 22:26:05 [ERROR   ] bot_trend_following - [trend_following] ⚠️ Error getting H1 trend for USDMXN_otc: 'H1'
2025-11-28 22:26:05 [ERROR   ] bot_trend_following - [trend_following] ⚠️ Error getting H1 trend for USDCOP_otc: 'H1'
2025-11-28 22:26:05 [ERROR   ] bot_trend_following - [trend_following] ⚠️ Error getting H1 trend for USDARS_otc: 'H1'
2025-11-28 22:26:05 [ERROR   ] bot_trend_following - [trend_following] ⚠️ Error getting H1 trend for #INTC_otc: 'H1'
2025-11-28 22:26:35 [ERROR   ] bot_trend_following - [trend_following] ⚠️ Error getting H1 trend for EURUSD_otc: 'H1'
2025-11-28 22:26:35 [ERROR   ] bot_trend_following - [trend_following] ⚠️ Error getting H1 trend for GBPUSD_otc: 'H1'
2025-11-28 22:26:35 [ERROR   ] bot_trend_following - [trend_following] ⚠️ Error getting H1 trend for USDJPY_otc: 'H1'
2025-11-28 22:26:35 [ERROR   ] bot_trend_following - [trend_following] ⚠️ Error getting H1 trend for AUDUSD_otc: 'H1'
2025-11-28 22:26:35 [ERROR   ] bot_trend_following - [trend_following] ⚠️ Error getting H1 trend for USDCAD_otc: 'H1'
2025-11-28 22:26:35 [ERROR   ] bot_trend_following - [trend_following] ⚠️ Error getting H1 trend for AUDCAD_otc: 'H1'
2025-11-28 22:26:35 [ERROR   ] bot_trend_following - [trend_following] ⚠️ Error getting H1 trend for USDMXN_otc: 'H1'
2025-11-28 22:26:35 [ERROR   ] bot_trend_following - [trend_following] ⚠️ Error getting H1 trend for USDCOP_otc: 'H1'
2025-11-28 22:26:35 [ERROR   ] bot_trend_following - [trend_following] ⚠️ Error getting H1 trend for USDARS_otc: 'H1'
2025-11-28 22:26:35 [ERROR   ] bot_trend_following - [trend_following] ⚠️ Error getting H1 trend for #INTC_otc: 'H1'
2025-11-28 22:27:05 [ERROR   ] bot_trend_following - [trend_following] ⚠️ Error getting H1 trend for EURUSD_otc: 'H1'
2025-11-28 22:27:05 [ERROR   ] bot_trend_following - [trend_following] ⚠️ Error getting H1 trend for GBPUSD_otc: 'H1'
2025-11-28 22:27:05 [ERROR   ] bot_trend_following - [trend_following] ⚠️ Error getting H1 trend for USDJPY_otc: 'H1'
2025-11-28 22:27:05 [ERROR   ] bot_trend_following - [trend_following] ⚠️ Error getting H1 trend for AUDUSD_otc: 'H1'
2025-11-28 22:27:05 [ERROR   ] bot_trend_following - [trend_following] ⚠️ Error getting H1 trend for USDCAD_otc: 'H1'
2025-11-28 22:27:05 [ERROR   ] bot_trend_following - [trend_following] ⚠️ Error getting H1 trend for AUDCAD_otc: 'H1'
2025-11-28 22:27:05 [ERROR   ] bot_trend_following - [trend_following] ⚠️ Error getting H1 trend for USDMXN_otc: 'H1'
2025-11-28 22:27:05 [ERROR   ] bot_trend_following - [trend_following] ⚠️ Error getting H1 trend for USDCOP_otc: 'H1'
2025-11-28 22:27:05 [ERROR   ] bot_trend_following - [trend_following] ⚠️ Error getting H1 trend for USDARS_otc: 'H1'
2025-11-28 22:27:05 [ERROR   ] bot_trend_following - [trend_following] ⚠️ Error getting H1 trend for #INTC_otc: 'H1'
2025-11-28 22:27:35 [ERROR   ] bot_trend_following - [trend_following] ⚠️ Error getting H1 trend for EURUSD_otc: 'H1'
2025-11-28 22:27:35 [ERROR   ] bot_trend_following - [trend_following] ⚠️ Error getting H1 trend for GBPUSD_otc: 'H1'
2025-11-28 22:27:35 [ERROR   ] bot_trend_following - [trend_following] ⚠️ Error getting H1 trend for USDJPY_otc: 'H1'
2025-11-28 22:27:35 [ERROR   ] bot_trend_following - [trend_following] ⚠️ Error getting H1 trend for AUDUSD_otc: 'H1'
2025-11-28 22:27:35 [ERROR   ] bot_trend_following - [trend_following] ⚠️ Error getting H1 trend for USDCAD_otc: 'H1'
2025-11-28 22:27:35 [ERROR   ] bot_trend_following - [trend_following] ⚠️ Error getting H1 trend for AUDCAD_otc: 'H1'
2025-11-28 22:27:35 [ERROR   ] bot_trend_following - [trend_following] ⚠️ Error getting H1 trend for USDMXN_otc: 'H1'
2025-11-28 22:27:35 [ERROR   ] bot_trend_following - [trend_following] ⚠️ Error getting H1 trend for USDCOP_otc: 'H1'
2025-11-28 22:27:35 [ERROR   ] bot_trend_following - [trend_following] ⚠️ Error getting H1 trend for USDARS_otc: 'H1'
2025-11-28 22:27:35 [ERROR   ] bot_trend_following - [trend_following] ⚠️ Error getting H1 trend for #INTC_otc: 'H1'
2025-11-28 22:28:05 [ERROR   ] bot_trend_following - [trend_following] ⚠️ Error getting H1 trend for EURUSD_otc: 'H1'
2025-11-28 22:28:05 [ERROR   ] bot_trend_following - [trend_following] ⚠️ Error getting H1 trend for GBPUSD_otc: 'H1'
2025-11-28 22:28:05 [ERROR   ] bot_trend_following - [trend_following] ⚠️ Error getting H1 trend for USDJPY_otc: 'H1'
2025-11-28 22:28:05 [ERROR   ] bot_trend_following - [trend_following] ⚠️ Error getting H1 trend for AUDUSD_otc: 'H1'
2025-11-28 22:28:05 [ERROR   ] bot_trend_following - [trend_following] ⚠️ Error getting H1 trend for USDCAD_otc: 'H1'
2025-11-28 22:28:05 [ERROR   ] bot_trend_following - [trend_following] ⚠️ Error getting H1 trend for AUDCAD_otc: 'H1'
2025-11-28 22:28:05 [ERROR   ] bot_trend_following - [trend_following] ⚠️ Error getting H1 trend for USDMXN_otc: 'H1'
2025-11-28 22:28:05 [ERROR   ] bot_trend_following - [trend_following] ⚠️ Error getting H1 trend for USDCOP_otc: 'H1'
2025-11-28 22:28:05 [ERROR   ] bot_trend_following - [trend_following] ⚠️ Error getting H1 trend for USDARS_otc: 'H1'
2025-11-28 22:28:05 [ERROR   ] bot_trend_following - [trend_following] ⚠️ Error getting H1 trend for #INTC_otc: 'H1'
2025-11-28 22:49:06 [WARNING ] bot_trend_following - [trend_following] ⚠️ SSID looks like a websocket frame. Attempting to clean...
2025-11-28 22:49:07 [INFO    ] bot_trend_following - [trend_following] 📚 API Library: BinaryOptionsToolsV2.pocketoption.asyncronous
2025-11-28 22:49:07 [INFO    ] bot_trend_following - [trend_following] 🤖 TREND_FOLLOWING Bot initialized
2025-11-28 22:49:07 [INFO    ] bot_trend_following - [trend_following] 📊 Timeframes: ['M5']
2025-11-28 22:49:07 [INFO    ] bot_trend_following - [trend_following] 💰 ML Threshold: 0.65
2025-11-28 22:49:07 [INFO    ] bot_trend_following - [trend_following] ======================================================================
2025-11-28 22:49:07 [INFO    ] bot_trend_following - [trend_following] 🚀 TREND_FOLLOWING BOT STARTING
2025-11-28 22:49:07 [INFO    ] bot_trend_following - [trend_following] ======================================================================
2025-11-28 22:49:07 [WARNING ] bot_trend_following - [trend_following] ⚠️ Connection failed (Balance -1). Switching to SIMULATION MODE.
2025-11-28 22:49:07 [INFO    ] bot_trend_following - [trend_following] ✅ Switched to Mock API
2025-11-28 22:49:07 [INFO    ] bot_trend_following - [trend_following] ✅ Account: DEMO - Balance: $1000.00
2025-11-28 22:49:07 [ERROR   ] bot_trend_following - [trend_following] ⚠️ Error getting H1 trend for EURUSD_otc: 'H1'
2025-11-28 22:49:07 [ERROR   ] bot_trend_following - [trend_following] ⚠️ Error getting H1 trend for GBPUSD_otc: 'H1'
2025-11-28 22:49:07 [ERROR   ] bot_trend_following - [trend_following] ⚠️ Error getting H1 trend for USDJPY_otc: 'H1'
2025-11-28 22:49:07 [ERROR   ] bot_trend_following - [trend_following] ⚠️ Error getting H1 trend for AUDUSD_otc: 'H1'
2025-11-28 22:49:07 [ERROR   ] bot_trend_following - [trend_following] ⚠️ Error getting H1 trend for USDCAD_otc: 'H1'
2025-11-28 22:49:07 [ERROR   ] bot_trend_following - [trend_following] ⚠️ Error getting H1 trend for AUDCAD_otc: 'H1'
2025-11-28 22:49:07 [ERROR   ] bot_trend_following - [trend_following] ⚠️ Error getting H1 trend for USDMXN_otc: 'H1'
2025-11-28 22:49:07 [ERROR   ] bot_trend_following - [trend_following] ⚠️ Error getting H1 trend for USDCOP_otc: 'H1'
2025-11-28 22:49:07 [ERROR   ] bot_trend_following - [trend_following] ⚠️ Error getting H1 trend for USDARS_otc: 'H1'
2025-11-28 22:49:07 [ERROR   ] bot_trend_following - [trend_following] ⚠️ Error getting H1 trend for #INTC_otc: 'H1'
2025-11-28 22:49:37 [ERROR   ] bot_trend_following - [trend_following] ⚠️ Error getting H1 trend for EURUSD_otc: 'H1'
2025-11-28 22:49:46 [ERROR   ] bot_trend_following - [trend_following] ⚠️ Error getting H1 trend for GBPUSD_otc: 'H1'
2025-11-28 22:49:46 [ERROR   ] bot_trend_following - [trend_following] ⚠️ Error getting H1 trend for USDJPY_otc: 'H1'
2025-11-28 22:49:46 [ERROR   ] bot_trend_following - [trend_following] ⚠️ Error getting H1 trend for AUDUSD_otc: 'H1'
2025-11-28 22:49:46 [ERROR   ] bot_trend_following - [trend_following] ⚠️ Error getting H1 trend for USDCAD_otc: 'H1'
2025-11-28 22:49:46 [ERROR   ] bot_trend_following - [trend_following] ⚠️ Error getting H1 trend for AUDCAD_otc: 'H1'
2025-11-28 22:49:46 [ERROR   ] bot_trend_following - [trend_following] ⚠️ Error getting H1 trend for USDMXN_otc: 'H1'
2025-11-28 22:49:46 [ERROR   ] bot_trend_following - [trend_following] ⚠️ Error getting H1 trend for USDCOP_otc: 'H1'
2025-11-28 22:49:46 [ERROR   ] bot_trend_following - [trend_following] ⚠️ Error getting H1 trend for USDARS_otc: 'H1'
2025-11-28 22:49:46 [ERROR   ] bot_trend_following - [trend_following] ⚠️ Error getting H1 trend for #INTC_otc: 'H1'
2025-11-28 22:50:16 [ERROR   ] bot_trend_following - [trend_following] ⚠️ Error getting H1 trend for EURUSD_otc: 'H1'
2025-11-28 22:50:16 [ERROR   ] bot_trend_following - [trend_following] ⚠️ Error getting H1 trend for GBPUSD_otc: 'H1'
2025-11-28 22:50:16 [ERROR   ] bot_trend_following - [trend_following] ⚠️ Error getting H1 trend for USDJPY_otc: 'H1'
2025-11-28 22:50:16 [ERROR   ] bot_trend_following - [trend_following] ⚠️ Error getting H1 trend for AUDUSD_otc: 'H1'
2025-11-28 22:50:16 [ERROR   ] bot_trend_following - [trend_following] ⚠️ Error getting H1 trend for USDCAD_otc: 'H1'
2025-11-28 22:50:16 [ERROR   ] bot_trend_following - [trend_following] ⚠️ Error getting H1 trend for AUDCAD_otc: 'H1'
2025-11-28 22:50:16 [ERROR   ] bot_trend_following - [trend_following] ⚠️ Error getting H1 trend for USDMXN_otc: 'H1'
2025-11-28 22:50:16 [ERROR   ] bot_trend_following - [trend_following] ⚠️ Error getting H1 trend for USDCOP_otc: 'H1'
2025-11-28 22:50:16 [ERROR   ] bot_trend_following - [trend_following] ⚠️ Error getting H1 trend for USDARS_otc: 'H1'
2025-11-28 22:50:16 [ERROR   ] bot_trend_following - [trend_following] ⚠️ Error getting H1 trend for #INTC_otc: 'H1'
2025-11-28 22:50:46 [ERROR   ] bot_trend_following - [trend_following] ⚠️ Error getting H1 trend for EURUSD_otc: 'H1'
2025-11-28 22:50:46 [ERROR   ] bot_trend_following - [trend_following] ⚠️ Error getting H1 trend for GBPUSD_otc: 'H1'
2025-11-28 22:50:46 [ERROR   ] bot_trend_following - [trend_following] ⚠️ Error getting H1 trend for USDJPY_otc: 'H1'
2025-11-28 22:50:46 [ERROR   ] bot_trend_following - [trend_following] ⚠️ Error getting H1 trend for AUDUSD_otc: 'H1'
2025-11-28 22:50:46 [ERROR   ] bot_trend_following - [trend_following] ⚠️ Error getting H1 trend for USDCAD_otc: 'H1'
2025-11-28 22:50:46 [ERROR   ] bot_trend_following - [trend_following] ⚠️ Error getting H1 trend for AUDCAD_otc: 'H1'
2025-11-28 22:50:46 [ERROR   ] bot_trend_following - [trend_following] ⚠️ Error getting H1 trend for USDMXN_otc: 'H1'
2025-11-28 22:50:46 [ERROR   ] bot_trend_following - [trend_following] ⚠️ Error getting H1 trend for USDCOP_otc: 'H1'
2025-11-28 22:50:46 [ERROR   ] bot_trend_following - [trend_following] ⚠️ Error getting H1 trend for USDARS_otc: 'H1'
2025-11-28 22:50:46 [ERROR   ] bot_trend_following - [trend_following] ⚠️ Error getting H1 trend for #INTC_otc: 'H1'
2025-11-28 22:51:16 [ERROR   ] bot_trend_following - [trend_following] ⚠️ Error getting H1 trend for EURUSD_otc: 'H1'
2025-11-28 22:51:16 [ERROR   ] bot_trend_following - [trend_following] ⚠️ Error getting H1 trend for GBPUSD_otc: 'H1'
2025-11-28 22:51:16 [ERROR   ] bot_trend_following - [trend_following] ⚠️ Error getting H1 trend for USDJPY_otc: 'H1'
2025-11-28 22:51:16 [ERROR   ] bot_trend_following - [trend_following] ⚠️ Error getting H1 trend for AUDUSD_otc: 'H1'
2025-11-28 22:51:16 [ERROR   ] bot_trend_following - [trend_following] ⚠️ Error getting H1 trend for USDCAD_otc: 'H1'
2025-11-28 22:51:16 [ERROR   ] bot_trend_following - [trend_following] ⚠️ Error getting H1 trend for AUDCAD_otc: 'H1'
2025-11-28 22:51:16 [ERROR   ] bot_trend_following - [trend_following] ⚠️ Error getting H1 trend for USDMXN_otc: 'H1'
2025-11-28 22:51:16 [ERROR   ] bot_trend_following - [trend_following] ⚠️ Error getting H1 trend for USDCOP_otc: 'H1'
2025-11-28 22:51:16 [ERROR   ] bot_trend_following - [trend_following] ⚠️ Error getting H1 trend for USDARS_otc: 'H1'
2025-11-28 22:51:16 [ERROR   ] bot_trend_following - [trend_following] ⚠️ Error getting H1 trend for #INTC_otc: 'H1'
2025-11-28 22:51:46 [ERROR   ] bot_trend_following - [trend_following] ⚠️ Error getting H1 trend for EURUSD_otc: 'H1'
2025-11-28 22:51:46 [ERROR   ] bot_trend_following - [trend_following] ⚠️ Error getting H1 trend for GBPUSD_otc: 'H1'
2025-11-28 22:51:46 [ERROR   ] bot_trend_following - [trend_following] ⚠️ Error getting H1 trend for USDJPY_otc: 'H1'
2025-11-28 22:51:46 [ERROR   ] bot_trend_following - [trend_following] ⚠️ Error getting H1 trend for AUDUSD_otc: 'H1'
2025-11-28 22:51:46 [ERROR   ] bot_trend_following - [trend_following] ⚠️ Error getting H1 trend for USDCAD_otc: 'H1'
2025-11-28 22:51:46 [ERROR   ] bot_trend_following - [trend_following] ⚠️ Error getting H1 trend for AUDCAD_otc: 'H1'
2025-11-28 22:51:46 [ERROR   ] bot_trend_following - [trend_following] ⚠️ Error getting H1 trend for USDMXN_otc: 'H1'
2025-11-28 22:51:46 [ERROR   ] bot_trend_following - [trend_following] ⚠️ Error getting H1 trend for USDCOP_otc: 'H1'
2025-11-28 22:51:46 [ERROR   ] bot_trend_following - [trend_following] ⚠️ Error getting H1 trend for USDARS_otc: 'H1'
2025-11-28 22:51:46 [ERROR   ] bot_trend_following - [trend_following] ⚠️ Error getting H1 trend for #INTC_otc: 'H1'
2025-11-28 22:52:16 [ERROR   ] bot_trend_following - [trend_following] ⚠️ Error getting H1 trend for EURUSD_otc: 'H1'
2025-11-28 22:52:16 [ERROR   ] bot_trend_following - [trend_following] ⚠️ Error getting H1 trend for GBPUSD_otc: 'H1'
2025-11-28 22:52:16 [ERROR   ] bot_trend_following - [trend_following] ⚠️ Error getting H1 trend for USDJPY_otc: 'H1'
2025-11-28 22:52:16 [ERROR   ] bot_trend_following - [trend_following] ⚠️ Error getting H1 trend for AUDUSD_otc: 'H1'
2025-11-28 22:52:16 [ERROR   ] bot_trend_following - [trend_following] ⚠️ Error getting H1 trend for USDCAD_otc: 'H1'
2025-11-28 22:52:16 [ERROR   ] bot_trend_following - [trend_following] ⚠️ Error getting H1 trend for AUDCAD_otc: 'H1'
2025-11-28 22:52:16 [ERROR   ] bot_trend_following - [trend_following] ⚠️ Error getting H1 trend for USDMXN_otc: 'H1'
2025-11-28 22:52:16 [ERROR   ] bot_trend_following - [trend_following] ⚠️ Error getting H1 trend for USDCOP_otc: 'H1'
2025-11-28 22:52:16 [ERROR   ] bot_trend_following - [trend_following] ⚠️ Error getting H1 trend for USDARS_otc: 'H1'
2025-11-28 22:52:16 [ERROR   ] bot_trend_following - [trend_following] ⚠️ Error getting H1 trend for #INTC_otc: 'H1'
2025-11-28 22:52:49 [WARNING ] bot_trend_following - [trend_following] ⚠️ SSID looks like a websocket frame. Cleaning...
2025-11-28 22:52:49 [INFO    ] bot_trend_following - [trend_following] 🧹 Extracted SSID: smpnr...bnb75
2025-11-28 22:52:58 [WARNING ] bot_trend_following - [trend_following] ⚠️ SSID looks like a websocket frame. Cleaning...
2025-11-28 22:52:58 [INFO    ] bot_trend_following - [trend_following] 🧹 Extracted SSID: smpnr...bnb75
2025-11-28 22:53:08 [WARNING ] bot_trend_following - [trend_following] ⚠️ SSID looks like a websocket frame. Cleaning...
2025-11-28 22:53:08 [INFO    ] bot_trend_following - [trend_following] 🧹 Extracted SSID: smpnr...bnb75
2025-11-28 23:04:46 [INFO    ] bot_trend_following - [trend_following] 📚 API Library: BinaryOptionsToolsV2.pocketoption.asyncronous
2025-11-28 23:04:46 [INFO    ] bot_trend_following - [trend_following] 🤖 TREND_FOLLOWING Bot initialized
2025-11-28 23:04:46 [INFO    ] bot_trend_following - [trend_following] 📊 Timeframes: ['M5']
2025-11-28 23:04:46 [INFO    ] bot_trend_following - [trend_following] 💰 ML Threshold: 0.65
2025-11-28 23:04:46 [INFO    ] bot_trend_following - [trend_following] ======================================================================
2025-11-28 23:04:46 [INFO    ] bot_trend_following - [trend_following] 🚀 TREND_FOLLOWING BOT STARTING
2025-11-28 23:04:46 [INFO    ] bot_trend_following - [trend_following] ======================================================================
2025-11-28 23:04:46 [WARNING ] bot_trend_following - [trend_following] ⚠️ Balance check failed (-1.0), retrying (1/3)...
2025-11-28 23:04:48 [INFO    ] bot_trend_following - [trend_following] ✅ Account: DEMO - Balance: $16.51
2025-11-28 23:04:48 [ERROR   ] bot_trend_following - [trend_following] ⚠️ Error getting H1 trend for EURUSD_otc: 'H1'
2025-11-28 23:04:48 [ERROR   ] bot_trend_following - [trend_following] ⚠️ Error getting H1 trend for GBPUSD_otc: 'H1'
2025-11-28 23:04:48 [ERROR   ] bot_trend_following - [trend_following] ⚠️ Error getting H1 trend for USDJPY_otc: 'H1'
2025-11-28 23:04:48 [ERROR   ] bot_trend_following - [trend_following] ⚠️ Error getting H1 trend for AUDUSD_otc: 'H1'
2025-11-28 23:04:48 [ERROR   ] bot_trend_following - [trend_following] ⚠️ Error getting H1 trend for USDCAD_otc: 'H1'
2025-11-28 23:04:48 [ERROR   ] bot_trend_following - [trend_following] ⚠️ Error getting H1 trend for AUDCAD_otc: 'H1'
2025-11-28 23:04:48 [ERROR   ] bot_trend_following - [trend_following] ⚠️ Error getting H1 trend for USDMXN_otc: 'H1'
2025-11-28 23:04:48 [ERROR   ] bot_trend_following - [trend_following] ⚠️ Error getting H1 trend for USDCOP_otc: 'H1'
2025-11-28 23:04:48 [ERROR   ] bot_trend_following - [trend_following] ⚠️ Error getting H1 trend for USDARS_otc: 'H1'
2025-11-28 23:04:48 [ERROR   ] bot_trend_following - [trend_following] ⚠️ Error getting H1 trend for #INTC_otc: 'H1'
2025-11-28 23:05:18 [ERROR   ] bot_trend_following - [trend_following] ⚠️ Error getting H1 trend for EURUSD_otc: 'H1'
2025-11-28 23:05:18 [ERROR   ] bot_trend_following - [trend_following] ⚠️ Error getting H1 trend for GBPUSD_otc: 'H1'
2025-11-28 23:05:18 [ERROR   ] bot_trend_following - [trend_following] ⚠️ Error getting H1 trend for USDJPY_otc: 'H1'
2025-11-28 23:05:18 [ERROR   ] bot_trend_following - [trend_following] ⚠️ Error getting H1 trend for AUDUSD_otc: 'H1'
2025-11-28 23:05:18 [ERROR   ] bot_trend_following - [trend_following] ⚠️ Error getting H1 trend for USDCAD_otc: 'H1'
2025-11-28 23:05:18 [ERROR   ] bot_trend_following - [trend_following] ⚠️ Error getting H1 trend for AUDCAD_otc: 'H1'
2025-11-28 23:05:18 [ERROR   ] bot_trend_following - [trend_following] ⚠️ Error getting H1 trend for USDMXN_otc: 'H1'
2025-11-28 23:05:18 [ERROR   ] bot_trend_following - [trend_following] ⚠️ Error getting H1 trend for USDCOP_otc: 'H1'
2025-11-28 23:05:18 [ERROR   ] bot_trend_following - [trend_following] ⚠️ Error getting H1 trend for USDARS_otc: 'H1'
2025-11-28 23:05:18 [ERROR   ] bot_trend_following - [trend_following] ⚠️ Error getting H1 trend for #INTC_otc: 'H1'
2025-11-28 23:05:48 [ERROR   ] bot_trend_following - [trend_following] ⚠️ Error getting H1 trend for EURUSD_otc: 'H1'
2025-11-28 23:05:48 [ERROR   ] bot_trend_following - [trend_following] ⚠️ Error getting H1 trend for GBPUSD_otc: 'H1'
2025-11-28 23:05:48 [ERROR   ] bot_trend_following - [trend_following] ⚠️ Error getting H1 trend for USDJPY_otc: 'H1'
2025-11-28 23:05:48 [ERROR   ] bot_trend_following - [trend_following] ⚠️ Error getting H1 trend for AUDUSD_otc: 'H1'
2025-11-28 23:05:48 [ERROR   ] bot_trend_following - [trend_following] ⚠️ Error getting H1 trend for USDCAD_otc: 'H1'
2025-11-28 23:05:48 [ERROR   ] bot_trend_following - [trend_following] ⚠️ Error getting H1 trend for AUDCAD_otc: 'H1'
2025-11-28 23:05:48 [ERROR   ] bot_trend_following - [trend_following] ⚠️ Error getting H1 trend for USDMXN_otc: 'H1'
2025-11-28 23:05:48 [ERROR   ] bot_trend_following - [trend_following] ⚠️ Error getting H1 trend for USDCOP_otc: 'H1'
2025-11-28 23:05:48 [ERROR   ] bot_trend_following - [trend_following] ⚠️ Error getting H1 trend for USDARS_otc: 'H1'
2025-11-28 23:05:48 [ERROR   ] bot_trend_following - [trend_following] ⚠️ Error getting H1 trend for #INTC_otc: 'H1'
2025-11-28 23:06:18 [ERROR   ] bot_trend_following - [trend_following] ⚠️ Error getting H1 trend for EURUSD_otc: 'H1'
2025-11-28 23:06:18 [ERROR   ] bot_trend_following - [trend_following] ⚠️ Error getting H1 trend for GBPUSD_otc: 'H1'
2025-11-28 23:06:18 [ERROR   ] bot_trend_following - [trend_following] ⚠️ Error getting H1 trend for USDJPY_otc: 'H1'
2025-11-28 23:06:18 [ERROR   ] bot_trend_following - [trend_following] ⚠️ Error getting H1 trend for AUDUSD_otc: 'H1'
2025-11-28 23:06:18 [ERROR   ] bot_trend_following - [trend_following] ⚠️ Error getting H1 trend for USDCAD_otc: 'H1'
2025-11-28 23:06:18 [ERROR   ] bot_trend_following - [trend_following] ⚠️ Error getting H1 trend for AUDCAD_otc: 'H1'
2025-11-28 23:06:18 [ERROR   ] bot_trend_following - [trend_following] ⚠️ Error getting H1 trend for USDMXN_otc: 'H1'
2025-11-28 23:06:18 [ERROR   ] bot_trend_following - [trend_following] ⚠️ Error getting H1 trend for USDCOP_otc: 'H1'
2025-11-28 23:06:18 [ERROR   ] bot_trend_following - [trend_following] ⚠️ Error getting H1 trend for USDARS_otc: 'H1'
2025-11-28 23:06:18 [ERROR   ] bot_trend_following - [trend_following] ⚠️ Error getting H1 trend for #INTC_otc: 'H1'
2025-11-28 23:06:48 [ERROR   ] bot_trend_following - [trend_following] ⚠️ Error getting H1 trend for EURUSD_otc: 'H1'
2025-11-28 23:06:48 [ERROR   ] bot_trend_following - [trend_following] ⚠️ Error getting H1 trend for GBPUSD_otc: 'H1'
2025-11-28 23:06:48 [ERROR   ] bot_trend_following - [trend_following] ⚠️ Error getting H1 trend for USDJPY_otc: 'H1'
2025-11-28 23:06:48 [ERROR   ] bot_trend_following - [trend_following] ⚠️ Error getting H1 trend for AUDUSD_otc: 'H1'
2025-11-28 23:06:48 [ERROR   ] bot_trend_following - [trend_following] ⚠️ Error getting H1 trend for USDCAD_otc: 'H1'
2025-11-28 23:06:48 [ERROR   ] bot_trend_following - [trend_following] ⚠️ Error getting H1 trend for AUDCAD_otc: 'H1'
2025-11-28 23:06:48 [ERROR   ] bot_trend_following - [trend_following] ⚠️ Error getting H1 trend for USDMXN_otc: 'H1'
2025-11-28 23:06:48 [ERROR   ] bot_trend_following - [trend_following] ⚠️ Error getting H1 trend for USDCOP_otc: 'H1'
2025-11-28 23:06:48 [ERROR   ] bot_trend_following - [trend_following] ⚠️ Error getting H1 trend for USDARS_otc: 'H1'
2025-11-28 23:06:48 [ERROR   ] bot_trend_following - [trend_following] ⚠️ Error getting H1 trend for #INTC_otc: 'H1'
2025-11-28 23:07:30 [INFO    ] bot_trend_following - [trend_following] 📚 API Library: BinaryOptionsToolsV2.pocketoption.asyncronous
2025-11-28 23:07:30 [INFO    ] bot_trend_following - [trend_following] 🤖 TREND_FOLLOWING Bot initialized
2025-11-28 23:07:30 [INFO    ] bot_trend_following - [trend_following] 📊 Timeframes: ['M5']
2025-11-28 23:07:30 [INFO    ] bot_trend_following - [trend_following] 💰 ML Threshold: 0.65
2025-11-28 23:07:30 [INFO    ] bot_trend_following - [trend_following] ======================================================================
2025-11-28 23:07:30 [INFO    ] bot_trend_following - [trend_following] 🚀 TREND_FOLLOWING BOT STARTING
2025-11-28 23:07:30 [INFO    ] bot_trend_following - [trend_following] ======================================================================
2025-11-28 23:07:30 [WARNING ] bot_trend_following - [trend_following] ⚠️ Balance check failed (-1.0), retrying (1/3)...
2025-11-28 23:07:32 [INFO    ] bot_trend_following - [trend_following] ✅ Account: DEMO - Balance: $16.51
2025-11-28 23:14:25 [INFO    ] bot_trend_following - [trend_following] 📚 API Library: BinaryOptionsToolsV2.pocketoption.asyncronous
2025-11-28 23:14:25 [INFO    ] bot_trend_following - [trend_following] 🤖 TREND_FOLLOWING Bot initialized
2025-11-28 23:14:25 [INFO    ] bot_trend_following - [trend_following] 📊 Timeframes: ['M5']
2025-11-28 23:14:25 [INFO    ] bot_trend_following - [trend_following] 💰 ML Threshold: 0.65
2025-11-28 23:14:25 [INFO    ] bot_trend_following - [trend_following] ======================================================================
2025-11-28 23:14:25 [INFO    ] bot_trend_following - [trend_following] 🚀 TREND_FOLLOWING BOT STARTING
2025-11-28 23:14:25 [INFO    ] bot_trend_following - [trend_following] ======================================================================
2025-11-28 23:14:25 [WARNING ] bot_trend_following - [trend_following] ⚠️ Balance check failed (-1.0), retrying (1/3)...
2025-11-28 23:14:27 [INFO    ] bot_trend_following - [trend_following] ✅ Account: DEMO - Balance: $16.51
2025-11-28 23:16:59 [INFO    ] bot_trend_following - [trend_following] 📚 API Library: BinaryOptionsToolsV2.pocketoption.asyncronous
2025-11-28 23:16:59 [INFO    ] bot_trend_following - [trend_following] 🤖 TREND_FOLLOWING Bot initialized
2025-11-28 23:16:59 [INFO    ] bot_trend_following - [trend_following] 📊 Timeframes: ['M5']
2025-11-28 23:16:59 [INFO    ] bot_trend_following - [trend_following] 💰 ML Threshold: 0.65
2025-11-28 23:16:59 [INFO    ] bot_trend_following - [trend_following] ======================================================================
2025-11-28 23:16:59 [INFO    ] bot_trend_following - [trend_following] 🚀 TREND_FOLLOWING BOT STARTING
2025-11-28 23:16:59 [INFO    ] bot_trend_following - [trend_following] ======================================================================
2025-11-28 23:16:59 [WARNING ] bot_trend_following - [trend_following] ⚠️ Balance check failed (-1.0), retrying (1/3)...
2025-11-28 23:17:01 [INFO    ] bot_trend_following - [trend_following] ✅ Account: DEMO - Balance: $16.51
2025-11-29 13:35:50 [INFO    ] bot_trend_following - [trend_following] 📚 API Library: BinaryOptionsToolsV2.pocketoption.asyncronous
2025-11-29 13:35:50 [INFO    ] bot_trend_following - [trend_following] 🤖 TREND_FOLLOWING Bot initialized
2025-11-29 13:35:50 [INFO    ] bot_trend_following - [trend_following] 📊 Timeframes: ['M5']
2025-11-29 13:35:50 [INFO    ] bot_trend_following - [trend_following] 💰 ML Threshold: 0.65
2025-11-29 13:35:50 [INFO    ] bot_trend_following - [trend_following] ======================================================================
2025-11-29 13:35:50 [INFO    ] bot_trend_following - [trend_following] 🚀 TREND_FOLLOWING BOT STARTING
2025-11-29 13:35:50 [INFO    ] bot_trend_following - [trend_following] ======================================================================
2025-11-29 13:35:50 [WARNING ] bot_trend_following - [trend_following] ⚠️ Balance check failed (-1.0), retrying (1/3)...
2025-11-29 13:35:52 [INFO    ] bot_trend_following - [trend_following] ✅ Account: DEMO - Balance: $16.51
2025-11-29 13:45:20 [INFO    ] bot_trend_following - [trend_following] 📚 API Library: BinaryOptionsToolsV2.pocketoption.asyncronous
2025-11-29 13:45:20 [INFO    ] bot_trend_following - [trend_following] 🤖 TREND_FOLLOWING Bot initialized
2025-11-29 13:45:20 [INFO    ] bot_trend_following - [trend_following] 📊 Timeframes: ['M5']
2025-11-29 13:45:20 [INFO    ] bot_trend_following - [trend_following] 💰 ML Threshold: 0.65
2025-11-29 13:45:20 [INFO    ] bot_trend_following - [trend_following] ======================================================================
2025-11-29 13:45:20 [INFO    ] bot_trend_following - [trend_following] 🚀 TREND_FOLLOWING BOT STARTING
2025-11-29 13:45:20 [INFO    ] bot_trend_following - [trend_following] ======================================================================
2025-11-29 13:45:20 [WARNING ] bot_trend_following - [trend_following] ⚠️ Balance check failed (-1.0), retrying (1/3)...
2025-11-29 13:45:22 [INFO    ] bot_trend_following - [trend_following] ✅ Account: DEMO - Balance: $16.51
