2025-11-28 21:11:09 [INFO    ] bot_ema_pullback - [ema_pullback] 🤖 EMA_PULLBACK Bot initialized
2025-11-28 21:11:09 [INFO    ] bot_ema_pullback - [ema_pullback] 📊 Timeframes: ['M5']
2025-11-28 21:11:09 [INFO    ] bot_ema_pullback - [ema_pullback] 💰 ML Threshold: 0.65
2025-11-28 21:11:09 [INFO    ] bot_ema_pullback - [ema_pullback] ======================================================================
2025-11-28 21:11:09 [INFO    ] bot_ema_pullback - [ema_pullback] 🚀 EMA_PULLBACK BOT STARTING
2025-11-28 21:11:09 [INFO    ] bot_ema_pullback - [ema_pullback] ======================================================================
2025-11-28 21:11:09 [INFO    ] bot_ema_pullback - [ema_pullback] ✅ Account: DEMO - Balance: $1000.00
2025-11-28 21:11:14 [ERROR   ] bot_ema_pullback - [ema_pullback] ⚠️ Error processing EURUSD_otc M5: cannot import name 'detectar_flag' from 'strategy' (C:\Users\Guille\Downloads\PocketOptions\strategy.py)
2025-11-28 21:11:14 [ERROR   ] bot_ema_pullback - [ema_pullback] ⚠️ Error processing GBPUSD_otc M5: cannot import name 'detectar_flag' from 'strategy' (C:\Users\Guille\Downloads\PocketOptions\strategy.py)
2025-11-28 21:11:14 [ERROR   ] bot_ema_pullback - [ema_pullback] ⚠️ Error processing USDJPY_otc M5: cannot import name 'detectar_flag' from 'strategy' (C:\Users\Guille\Downloads\PocketOptions\strategy.py)
2025-11-28 21:11:14 [ERROR   ] bot_ema_pullback - [ema_pullback] ⚠️ Error processing AUDUSD_otc M5: cannot import name 'detectar_flag' from 'strategy' (C:\Users\Guille\Downloads\PocketOptions\strategy.py)
2025-11-28 21:11:14 [ERROR   ] bot_ema_pullback - [ema_pullback] ⚠️ Error processing USDCAD_otc M5: cannot import name 'detectar_flag' from 'strategy' (C:\Users\Guille\Downloads\PocketOptions\strategy.py)
2025-11-28 21:11:14 [ERROR   ] bot_ema_pullback - [ema_pullback] ⚠️ Error processing AUDCAD_otc M5: cannot import name 'detectar_flag' from 'strategy' (C:\Users\Guille\Downloads\PocketOptions\strategy.py)
2025-11-28 21:11:14 [ERROR   ] bot_ema_pullback - [ema_pullback] ⚠️ Error processing USDMXN_otc M5: cannot import name 'detectar_flag' from 'strategy' (C:\Users\Guille\Downloads\PocketOptions\strategy.py)
2025-11-28 21:11:14 [ERROR   ] bot_ema_pullback - [ema_pullback] ⚠️ Error processing USDCOP_otc M5: cannot import name 'detectar_flag' from 'strategy' (C:\Users\Guille\Downloads\PocketOptions\strategy.py)
2025-11-28 21:11:14 [ERROR   ] bot_ema_pullback - [ema_pullback] ⚠️ Error processing USDARS_otc M5: cannot import name 'detectar_flag' from 'strategy' (C:\Users\Guille\Downloads\PocketOptions\strategy.py)
2025-11-28 21:11:14 [ERROR   ] bot_ema_pullback - [ema_pullback] ⚠️ Error processing #INTC_otc M5: cannot import name 'detectar_flag' from 'strategy' (C:\Users\Guille\Downloads\PocketOptions\strategy.py)
2025-11-28 21:12:18 [INFO    ] bot_ema_pullback - [ema_pullback] 🤖 EMA_PULLBACK Bot initialized
2025-11-28 21:12:18 [INFO    ] bot_ema_pullback - [ema_pullback] 📊 Timeframes: ['M5']
2025-11-28 21:12:18 [INFO    ] bot_ema_pullback - [ema_pullback] 💰 ML Threshold: 0.65
2025-11-28 21:12:18 [INFO    ] bot_ema_pullback - [ema_pullback] ======================================================================
2025-11-28 21:12:18 [INFO    ] bot_ema_pullback - [ema_pullback] 🚀 EMA_PULLBACK BOT STARTING
2025-11-28 21:12:18 [INFO    ] bot_ema_pullback - [ema_pullback] ======================================================================
2025-11-28 21:12:18 [INFO    ] bot_ema_pullback - [ema_pullback] ✅ Account: DEMO - Balance: $-1.00
2025-11-28 21:12:20 [ERROR   ] bot_ema_pullback - [ema_pullback] ⚠️ Error processing EURUSD_otc M5: cannot import name 'detectar_flag' from 'strategy' (C:\Users\Guille\Downloads\PocketOptions\strategy.py)
2025-11-28 21:12:20 [ERROR   ] bot_ema_pullback - [ema_pullback] ⚠️ Error processing GBPUSD_otc M5: cannot import name 'detectar_flag' from 'strategy' (C:\Users\Guille\Downloads\PocketOptions\strategy.py)
2025-11-28 21:12:20 [ERROR   ] bot_ema_pullback - [ema_pullback] ⚠️ Error processing USDJPY_otc M5: cannot import name 'detectar_flag' from 'strategy' (C:\Users\Guille\Downloads\PocketOptions\strategy.py)
2025-11-28 21:12:20 [ERROR   ] bot_ema_pullback - [ema_pullback] ⚠️ Error processing AUDUSD_otc M5: cannot import name 'detectar_flag' from 'strategy' (C:\Users\Guille\Downloads\PocketOptions\strategy.py)
2025-11-28 21:12:20 [ERROR   ] bot_ema_pullback - [ema_pullback] ⚠️ Error processing USDCAD_otc M5: cannot import name 'detectar_flag' from 'strategy' (C:\Users\Guille\Downloads\PocketOptions\strategy.py)
2025-11-28 21:12:20 [ERROR   ] bot_ema_pullback - [ema_pullback] ⚠️ Error processing AUDCAD_otc M5: cannot import name 'detectar_flag' from 'strategy' (C:\Users\Guille\Downloads\PocketOptions\strategy.py)
2025-11-28 21:12:20 [ERROR   ] bot_ema_pullback - [ema_pullback] ⚠️ Error processing USDMXN_otc M5: cannot import name 'detectar_flag' from 'strategy' (C:\Users\Guille\Downloads\PocketOptions\strategy.py)
2025-11-28 21:12:20 [ERROR   ] bot_ema_pullback - [ema_pullback] ⚠️ Error processing USDCOP_otc M5: cannot import name 'detectar_flag' from 'strategy' (C:\Users\Guille\Downloads\PocketOptions\strategy.py)
2025-11-28 21:12:20 [ERROR   ] bot_ema_pullback - [ema_pullback] ⚠️ Error processing USDARS_otc M5: cannot import name 'detectar_flag' from 'strategy' (C:\Users\Guille\Downloads\PocketOptions\strategy.py)
2025-11-28 21:12:20 [ERROR   ] bot_ema_pullback - [ema_pullback] ⚠️ Error processing #INTC_otc M5: cannot import name 'detectar_flag' from 'strategy' (C:\Users\Guille\Downloads\PocketOptions\strategy.py)
2025-11-28 21:15:41 [INFO    ] bot_ema_pullback - [ema_pullback] 🤖 EMA_PULLBACK Bot initialized
2025-11-28 21:15:41 [INFO    ] bot_ema_pullback - [ema_pullback] 📊 Timeframes: ['M5']
2025-11-28 21:15:41 [INFO    ] bot_ema_pullback - [ema_pullback] 💰 ML Threshold: 0.65
2025-11-28 21:15:41 [INFO    ] bot_ema_pullback - [ema_pullback] ======================================================================
2025-11-28 21:15:41 [INFO    ] bot_ema_pullback - [ema_pullback] 🚀 EMA_PULLBACK BOT STARTING
2025-11-28 21:15:41 [INFO    ] bot_ema_pullback - [ema_pullback] ======================================================================
2025-11-28 21:15:41 [INFO    ] bot_ema_pullback - [ema_pullback] ✅ Account: DEMO - Balance: $-1.00
2025-11-28 21:16:11 [ERROR   ] bot_ema_pullback - [ema_pullback] ⚠️ Error processing EURUSD_otc M5: 
2025-11-28 21:16:22 [INFO    ] bot_ema_pullback - [ema_pullback] 🤖 EMA_PULLBACK Bot initialized
2025-11-28 21:16:22 [INFO    ] bot_ema_pullback - [ema_pullback] 📊 Timeframes: ['M5']
2025-11-28 21:16:22 [INFO    ] bot_ema_pullback - [ema_pullback] 💰 ML Threshold: 0.65
2025-11-28 21:16:22 [INFO    ] bot_ema_pullback - [ema_pullback] ======================================================================
2025-11-28 21:16:22 [INFO    ] bot_ema_pullback - [ema_pullback] 🚀 EMA_PULLBACK BOT STARTING
2025-11-28 21:16:22 [INFO    ] bot_ema_pullback - [ema_pullback] ======================================================================
2025-11-28 21:16:22 [INFO    ] bot_ema_pullback - [ema_pullback] ✅ Account: DEMO - Balance: $-1.00
2025-11-28 21:20:12 [INFO    ] bot_ema_pullback - [ema_pullback] 🤖 EMA_PULLBACK Bot initialized
2025-11-28 21:20:12 [INFO    ] bot_ema_pullback - [ema_pullback] 📊 Timeframes: ['M5']
2025-11-28 21:20:12 [INFO    ] bot_ema_pullback - [ema_pullback] 💰 ML Threshold: 0.65
2025-11-28 21:20:12 [INFO    ] bot_ema_pullback - [ema_pullback] ======================================================================
2025-11-28 21:20:12 [INFO    ] bot_ema_pullback - [ema_pullback] 🚀 EMA_PULLBACK BOT STARTING
2025-11-28 21:20:12 [INFO    ] bot_ema_pullback - [ema_pullback] ======================================================================
2025-11-28 21:20:12 [INFO    ] bot_ema_pullback - [ema_pullback] ✅ Account: DEMO - Balance: $-1.00
2025-11-28 22:08:21 [INFO    ] bot_ema_pullback - [ema_pullback] 🤖 EMA_PULLBACK Bot initialized
2025-11-28 22:08:21 [INFO    ] bot_ema_pullback - [ema_pullback] 📊 Timeframes: ['M5']
2025-11-28 22:08:21 [INFO    ] bot_ema_pullback - [ema_pullback] 💰 ML Threshold: 0.65
2025-11-28 22:08:21 [INFO    ] bot_ema_pullback - [ema_pullback] ======================================================================
2025-11-28 22:08:21 [INFO    ] bot_ema_pullback - [ema_pullback] 🚀 EMA_PULLBACK BOT STARTING
2025-11-28 22:08:21 [INFO    ] bot_ema_pullback - [ema_pullback] ======================================================================
2025-11-28 22:08:21 [INFO    ] bot_ema_pullback - [ema_pullback] ✅ Account: DEMO - Balance: $-1.00
2025-11-28 22:08:52 [INFO    ] bot_ema_pullback - [ema_pullback] 📊 Signal found: USDJPY_otc SELL @ 38.2%
2025-11-28 22:08:52 [INFO    ] bot_ema_pullback - [ema_pullback] ✅ Signal passed ML filter: USDJPY_otc (ML: 100.00%)
2025-11-28 22:08:52 [ERROR   ] bot_ema_pullback - [ema_pullback] ❌ Error executing trade: 'RiskManager' object has no attribute 'calculate_position_size'
2025-11-28 22:09:23 [INFO    ] bot_ema_pullback - [ema_pullback] 📊 Signal found: USDJPY_otc SELL @ 38.2%
2025-11-28 22:09:23 [INFO    ] bot_ema_pullback - [ema_pullback] ✅ Signal passed ML filter: USDJPY_otc (ML: 100.00%)
2025-11-28 22:09:23 [ERROR   ] bot_ema_pullback - [ema_pullback] ❌ Error executing trade: 'RiskManager' object has no attribute 'calculate_position_size'
2025-11-28 22:12:50 [INFO    ] bot_ema_pullback - [ema_pullback] 🤖 EMA_PULLBACK Bot initialized
2025-11-28 22:12:50 [INFO    ] bot_ema_pullback - [ema_pullback] 📊 Timeframes: ['M5']
2025-11-28 22:12:50 [INFO    ] bot_ema_pullback - [ema_pullback] 💰 ML Threshold: 0.65
2025-11-28 22:12:50 [INFO    ] bot_ema_pullback - [ema_pullback] ======================================================================
2025-11-28 22:12:50 [INFO    ] bot_ema_pullback - [ema_pullback] 🚀 EMA_PULLBACK BOT STARTING
2025-11-28 22:12:50 [INFO    ] bot_ema_pullback - [ema_pullback] ======================================================================
2025-11-28 22:12:50 [INFO    ] bot_ema_pullback - [ema_pullback] ✅ Account: DEMO - Balance: $-1.00
2025-11-28 22:13:22 [INFO    ] bot_ema_pullback - [ema_pullback] 📊 Signal found: AUDCAD_otc SELL @ 61.8%
2025-11-28 22:13:22 [INFO    ] bot_ema_pullback - [ema_pullback] ✅ Signal passed ML filter: AUDCAD_otc (ML: 100.00%)
2025-11-28 22:13:22 [INFO    ] bot_ema_pullback - [ema_pullback] 🚀 EXECUTING: AUDCAD_otc SELL $1.00 (Score: 8)
2025-11-28 22:13:54 [INFO    ] bot_ema_pullback - [ema_pullback] 📊 Signal found: AUDCAD_otc SELL @ 61.8%
2025-11-28 22:13:54 [INFO    ] bot_ema_pullback - [ema_pullback] ✅ Signal passed ML filter: AUDCAD_otc (ML: 100.00%)
2025-11-28 22:13:54 [INFO    ] bot_ema_pullback - [ema_pullback] 🚀 EXECUTING: AUDCAD_otc SELL $1.00 (Score: 8)
2025-11-28 22:14:26 [INFO    ] bot_ema_pullback - [ema_pullback] 📊 Signal found: AUDCAD_otc SELL @ 61.8%
2025-11-28 22:14:26 [INFO    ] bot_ema_pullback - [ema_pullback] ✅ Signal passed ML filter: AUDCAD_otc (ML: 100.00%)
2025-11-28 22:14:26 [INFO    ] bot_ema_pullback - [ema_pullback] 🚀 EXECUTING: AUDCAD_otc SELL $1.00 (Score: 8)
2025-11-28 22:14:58 [INFO    ] bot_ema_pullback - [ema_pullback] 📊 Signal found: AUDCAD_otc SELL @ 61.8%
2025-11-28 22:14:58 [INFO    ] bot_ema_pullback - [ema_pullback] ✅ Signal passed ML filter: AUDCAD_otc (ML: 100.00%)
2025-11-28 22:14:58 [INFO    ] bot_ema_pullback - [ema_pullback] 🚀 EXECUTING: AUDCAD_otc SELL $1.00 (Score: 8)
2025-11-28 22:16:47 [INFO    ] bot_ema_pullback - [ema_pullback] 🤖 EMA_PULLBACK Bot initialized
2025-11-28 22:16:47 [INFO    ] bot_ema_pullback - [ema_pullback] 📊 Timeframes: ['M5']
2025-11-28 22:16:47 [INFO    ] bot_ema_pullback - [ema_pullback] 💰 ML Threshold: 0.65
2025-11-28 22:16:47 [INFO    ] bot_ema_pullback - [ema_pullback] ======================================================================
2025-11-28 22:16:47 [INFO    ] bot_ema_pullback - [ema_pullback] 🚀 EMA_PULLBACK BOT STARTING
2025-11-28 22:16:47 [INFO    ] bot_ema_pullback - [ema_pullback] ======================================================================
2025-11-28 22:16:47 [INFO    ] bot_ema_pullback - [ema_pullback] ✅ Account: DEMO - Balance: $-1.00
2025-11-28 22:20:35 [INFO    ] bot_ema_pullback - [ema_pullback] 🤖 EMA_PULLBACK Bot initialized
2025-11-28 22:20:35 [INFO    ] bot_ema_pullback - [ema_pullback] 📊 Timeframes: ['M5']
2025-11-28 22:20:35 [INFO    ] bot_ema_pullback - [ema_pullback] 💰 ML Threshold: 0.65
2025-11-28 22:20:35 [INFO    ] bot_ema_pullback - [ema_pullback] ======================================================================
2025-11-28 22:20:35 [INFO    ] bot_ema_pullback - [ema_pullback] 🚀 EMA_PULLBACK BOT STARTING
2025-11-28 22:20:35 [INFO    ] bot_ema_pullback - [ema_pullback] ======================================================================
2025-11-28 22:20:35 [INFO    ] bot_ema_pullback - [ema_pullback] ✅ Account: DEMO - Balance: $-1.00
2025-11-28 22:21:06 [INFO    ] bot_ema_pullback - [ema_pullback] 📊 Signal found: USDCAD_otc SELL @ 38.2%
2025-11-28 22:21:06 [INFO    ] bot_ema_pullback - [ema_pullback] ✅ Signal passed ML filter: USDCAD_otc (ML: 100.00%)
2025-11-28 22:21:06 [INFO    ] bot_ema_pullback - [ema_pullback] 🚀 EXECUTING: USDCAD_otc SELL $1.00 (Score: 8)
2025-11-28 22:21:39 [INFO    ] bot_ema_pullback - [ema_pullback] 📊 Signal found: USDCAD_otc SELL @ 38.2%
2025-11-28 22:21:39 [INFO    ] bot_ema_pullback - [ema_pullback] ✅ Signal passed ML filter: USDCAD_otc (ML: 100.00%)
2025-11-28 22:21:39 [INFO    ] bot_ema_pullback - [ema_pullback] 🚀 EXECUTING: USDCAD_otc SELL $1.00 (Score: 8)
2025-11-28 22:22:11 [INFO    ] bot_ema_pullback - [ema_pullback] 📊 Signal found: USDCAD_otc SELL @ 38.2%
2025-11-28 22:22:11 [INFO    ] bot_ema_pullback - [ema_pullback] ✅ Signal passed ML filter: USDCAD_otc (ML: 100.00%)
2025-11-28 22:22:11 [INFO    ] bot_ema_pullback - [ema_pullback] 🚀 EXECUTING: USDCAD_otc SELL $1.00 (Score: 8)
2025-11-28 22:22:44 [INFO    ] bot_ema_pullback - [ema_pullback] 📊 Signal found: USDCAD_otc SELL @ 38.2%
2025-11-28 22:22:44 [INFO    ] bot_ema_pullback - [ema_pullback] ✅ Signal passed ML filter: USDCAD_otc (ML: 100.00%)
2025-11-28 22:22:44 [INFO    ] bot_ema_pullback - [ema_pullback] 🚀 EXECUTING: USDCAD_otc SELL $1.00 (Score: 8)
2025-11-28 22:23:17 [INFO    ] bot_ema_pullback - [ema_pullback] 📊 Signal found: USDCAD_otc SELL @ 38.2%
2025-11-28 22:23:17 [INFO    ] bot_ema_pullback - [ema_pullback] ✅ Signal passed ML filter: USDCAD_otc (ML: 100.00%)
2025-11-28 22:23:17 [INFO    ] bot_ema_pullback - [ema_pullback] 🚀 EXECUTING: USDCAD_otc SELL $1.00 (Score: 8)
2025-11-28 22:23:49 [INFO    ] bot_ema_pullback - [ema_pullback] 📊 Signal found: USDCAD_otc SELL @ 38.2%
2025-11-28 22:23:49 [INFO    ] bot_ema_pullback - [ema_pullback] ✅ Signal passed ML filter: USDCAD_otc (ML: 100.00%)
2025-11-28 22:23:49 [INFO    ] bot_ema_pullback - [ema_pullback] 🚀 EXECUTING: USDCAD_otc SELL $1.00 (Score: 8)
2025-11-28 22:24:22 [INFO    ] bot_ema_pullback - [ema_pullback] 📊 Signal found: USDCAD_otc SELL @ 38.2%
2025-11-28 22:24:22 [INFO    ] bot_ema_pullback - [ema_pullback] ✅ Signal passed ML filter: USDCAD_otc (ML: 100.00%)
2025-11-28 22:24:22 [INFO    ] bot_ema_pullback - [ema_pullback] 🚀 EXECUTING: USDCAD_otc SELL $1.00 (Score: 8)
2025-11-28 22:24:54 [INFO    ] bot_ema_pullback - [ema_pullback] 📊 Signal found: USDCAD_otc SELL @ 38.2%
2025-11-28 22:24:54 [INFO    ] bot_ema_pullback - [ema_pullback] ✅ Signal passed ML filter: USDCAD_otc (ML: 100.00%)
2025-11-28 22:24:54 [INFO    ] bot_ema_pullback - [ema_pullback] 🚀 EXECUTING: USDCAD_otc SELL $1.00 (Score: 8)
2025-11-28 22:25:35 [INFO    ] bot_ema_pullback - [ema_pullback] 🤖 EMA_PULLBACK Bot initialized
2025-11-28 22:25:35 [INFO    ] bot_ema_pullback - [ema_pullback] 📊 Timeframes: ['M5']
2025-11-28 22:25:35 [INFO    ] bot_ema_pullback - [ema_pullback] 💰 ML Threshold: 0.65
2025-11-28 22:25:35 [INFO    ] bot_ema_pullback - [ema_pullback] ======================================================================
2025-11-28 22:25:35 [INFO    ] bot_ema_pullback - [ema_pullback] 🚀 EMA_PULLBACK BOT STARTING
2025-11-28 22:25:35 [INFO    ] bot_ema_pullback - [ema_pullback] ======================================================================
2025-11-28 22:25:35 [INFO    ] bot_ema_pullback - [ema_pullback] ✅ Account: DEMO - Balance: $-1.00
2025-11-28 22:49:06 [WARNING ] bot_ema_pullback - [ema_pullback] ⚠️ SSID looks like a websocket frame. Attempting to clean...
2025-11-28 22:49:07 [INFO    ] bot_ema_pullback - [ema_pullback] 📚 API Library: BinaryOptionsToolsV2.pocketoption.asyncronous
2025-11-28 22:49:07 [INFO    ] bot_ema_pullback - [ema_pullback] 🤖 EMA_PULLBACK Bot initialized
2025-11-28 22:49:07 [INFO    ] bot_ema_pullback - [ema_pullback] 📊 Timeframes: ['M5']
2025-11-28 22:49:07 [INFO    ] bot_ema_pullback - [ema_pullback] 💰 ML Threshold: 0.65
2025-11-28 22:49:07 [INFO    ] bot_ema_pullback - [ema_pullback] ======================================================================
2025-11-28 22:49:07 [INFO    ] bot_ema_pullback - [ema_pullback] 🚀 EMA_PULLBACK BOT STARTING
2025-11-28 22:49:07 [INFO    ] bot_ema_pullback - [ema_pullback] ======================================================================
2025-11-28 22:49:07 [WARNING ] bot_ema_pullback - [ema_pullback] ⚠️ Connection failed (Balance -1). Switching to SIMULATION MODE.
2025-11-28 22:49:07 [INFO    ] bot_ema_pullback - [ema_pullback] ✅ Switched to Mock API
2025-11-28 22:49:07 [INFO    ] bot_ema_pullback - [ema_pullback] ✅ Account: DEMO - Balance: $1000.00
2025-11-28 22:49:43 [INFO    ] bot_ema_pullback - [ema_pullback] 📊 Signal found: USDCOP_otc BUY @ 38.2%
2025-11-28 22:49:43 [INFO    ] bot_ema_pullback - [ema_pullback] ✅ Signal passed ML filter: USDCOP_otc (ML: 100.00%)
2025-11-28 22:49:43 [INFO    ] bot_ema_pullback - [ema_pullback] 🚀 EXECUTING: USDCOP_otc BUY $20.00 (Score: 8)
2025-11-28 22:50:17 [INFO    ] bot_ema_pullback - [ema_pullback] 📊 Signal found: #INTC_otc BUY @ 38.2%
2025-11-28 22:50:17 [INFO    ] bot_ema_pullback - [ema_pullback] ✅ Signal passed ML filter: #INTC_otc (ML: 100.00%)
2025-11-28 22:50:17 [INFO    ] bot_ema_pullback - [ema_pullback] 🚀 EXECUTING: #INTC_otc BUY $20.00 (Score: 8)
2025-11-28 22:51:57 [INFO    ] bot_ema_pullback - [ema_pullback] 📊 Signal found: USDCAD_otc BUY @ 38.2%
2025-11-28 22:51:57 [INFO    ] bot_ema_pullback - [ema_pullback] ✅ Signal passed ML filter: USDCAD_otc (ML: 100.00%)
2025-11-28 22:51:57 [INFO    ] bot_ema_pullback - [ema_pullback] 🚀 EXECUTING: USDCAD_otc BUY $20.00 (Score: 8)
2025-11-28 22:52:30 [INFO    ] bot_ema_pullback - [ema_pullback] 📊 Signal found: USDCOP_otc SELL @ 61.8%
2025-11-28 22:52:30 [INFO    ] bot_ema_pullback - [ema_pullback] ✅ Signal passed ML filter: USDCOP_otc (ML: 100.00%)
2025-11-28 22:52:30 [INFO    ] bot_ema_pullback - [ema_pullback] 🚀 EXECUTING: USDCOP_otc SELL $20.00 (Score: 8)
2025-11-28 22:52:49 [WARNING ] bot_ema_pullback - [ema_pullback] ⚠️ SSID looks like a websocket frame. Cleaning...
2025-11-28 22:52:49 [INFO    ] bot_ema_pullback - [ema_pullback] 🧹 Extracted SSID: smpnr...bnb75
2025-11-28 22:52:58 [WARNING ] bot_ema_pullback - [ema_pullback] ⚠️ SSID looks like a websocket frame. Cleaning...
2025-11-28 22:52:58 [INFO    ] bot_ema_pullback - [ema_pullback] 🧹 Extracted SSID: smpnr...bnb75
2025-11-28 22:53:08 [WARNING ] bot_ema_pullback - [ema_pullback] ⚠️ SSID looks like a websocket frame. Cleaning...
2025-11-28 22:53:08 [INFO    ] bot_ema_pullback - [ema_pullback] 🧹 Extracted SSID: smpnr...bnb75
2025-11-28 22:53:20 [WARNING ] bot_ema_pullback - [ema_pullback] ⚠️ SSID looks like a websocket frame. Cleaning...
2025-11-28 22:53:20 [INFO    ] bot_ema_pullback - [ema_pullback] 🧹 Extracted SSID: smpnr...bnb75
2025-11-28 22:55:29 [WARNING ] bot_ema_pullback - [ema_pullback] ⚠️ SSID looks like a websocket frame. Cleaning...
2025-11-28 22:55:29 [INFO    ] bot_ema_pullback - [ema_pullback] 🧹 Extracted SSID: smpnr...bnb75
2025-11-28 22:55:29 [ERROR   ] bot_ema_pullback - [ema_pullback] ❌ Error initializing Real API: PocketOptionError, Core error: Failed to parse ssid: expected value at line 1 column 1
2025-11-28 22:55:29 [WARNING ] bot_ema_pullback - [ema_pullback] ⚠️ Falling back to SIMULATION MODE (Mock API) due to initialization failure.
2025-11-28 22:55:29 [INFO    ] bot_ema_pullback - [ema_pullback] 📚 API Library: mock_pocketoption
2025-11-28 22:55:29 [INFO    ] bot_ema_pullback - [ema_pullback] 🤖 EMA_PULLBACK Bot initialized
2025-11-28 22:55:29 [INFO    ] bot_ema_pullback - [ema_pullback] 📊 Timeframes: ['M5']
2025-11-28 22:55:29 [INFO    ] bot_ema_pullback - [ema_pullback] 💰 ML Threshold: 0.65
2025-11-28 22:55:29 [INFO    ] bot_ema_pullback - [ema_pullback] ======================================================================
2025-11-28 22:55:29 [INFO    ] bot_ema_pullback - [ema_pullback] 🚀 EMA_PULLBACK BOT STARTING
2025-11-28 22:55:29 [INFO    ] bot_ema_pullback - [ema_pullback] ======================================================================
2025-11-28 22:55:29 [INFO    ] bot_ema_pullback - [ema_pullback] ✅ Account: DEMO - Balance: $1000.00
2025-11-28 23:04:45 [INFO    ] bot_ema_pullback - [ema_pullback] 📚 API Library: BinaryOptionsToolsV2.pocketoption.asyncronous
2025-11-28 23:04:46 [INFO    ] bot_ema_pullback - [ema_pullback] 🤖 EMA_PULLBACK Bot initialized
2025-11-28 23:04:46 [INFO    ] bot_ema_pullback - [ema_pullback] 📊 Timeframes: ['M5']
2025-11-28 23:04:46 [INFO    ] bot_ema_pullback - [ema_pullback] 💰 ML Threshold: 0.65
2025-11-28 23:04:46 [INFO    ] bot_ema_pullback - [ema_pullback] ======================================================================
2025-11-28 23:04:46 [INFO    ] bot_ema_pullback - [ema_pullback] 🚀 EMA_PULLBACK BOT STARTING
2025-11-28 23:04:46 [INFO    ] bot_ema_pullback - [ema_pullback] ======================================================================
2025-11-28 23:04:46 [WARNING ] bot_ema_pullback - [ema_pullback] ⚠️ Balance check failed (-1.0), retrying (1/3)...
2025-11-28 23:04:48 [INFO    ] bot_ema_pullback - [ema_pullback] ✅ Account: DEMO - Balance: $16.51
2025-11-28 23:07:30 [INFO    ] bot_ema_pullback - [ema_pullback] 📚 API Library: BinaryOptionsToolsV2.pocketoption.asyncronous
2025-11-28 23:07:30 [INFO    ] bot_ema_pullback - [ema_pullback] 🤖 EMA_PULLBACK Bot initialized
2025-11-28 23:07:30 [INFO    ] bot_ema_pullback - [ema_pullback] 📊 Timeframes: ['M5']
2025-11-28 23:07:30 [INFO    ] bot_ema_pullback - [ema_pullback] 💰 ML Threshold: 0.65
2025-11-28 23:07:30 [INFO    ] bot_ema_pullback - [ema_pullback] ======================================================================
2025-11-28 23:07:30 [INFO    ] bot_ema_pullback - [ema_pullback] 🚀 EMA_PULLBACK BOT STARTING
2025-11-28 23:07:30 [INFO    ] bot_ema_pullback - [ema_pullback] ======================================================================
2025-11-28 23:07:30 [WARNING ] bot_ema_pullback - [ema_pullback] ⚠️ Balance check failed (-1.0), retrying (1/3)...
2025-11-28 23:07:32 [INFO    ] bot_ema_pullback - [ema_pullback] ✅ Account: DEMO - Balance: $16.51
